<?xml version="1.0" encoding="UTF-8"?>
<!-- Generated by org.testng.reporters.JUnitReportReporter -->
<testsuite hostname="ATMECSINLT-269" name="com.qa.automation.FalconUI.testscript.SampleTestScript" tests="2" failures="0" timestamp="20 Mar 2020 15:05:38 GMT" time="25.016" errors="0">
  <testcase name="sampleTest" time="10.540" classname="com.qa.automation.FalconUI.testscript.SampleTestScript"/>
  <testcase name="sampleTest" time="14.476" classname="com.qa.automation.FalconUI.testscript.SampleTestScript"/>
</testsuite> <!-- com.qa.automation.FalconUI.testscript.SampleTestScript -->
