<?xml version="1.0" encoding="UTF-8"?>
<!-- Generated by org.testng.reporters.JUnitReportReporter -->
<testsuite hostname="ATMECSINLT-269" name="com.qa.automation.mystoreapplication.testscript.TC_003_ProductDetails_AddToCart" tests="1" failures="0" timestamp="19 Apr 2020 19:59:03 GMT" time="0.000" errors="0">
  <testcase name="verifyProductDetailsAndCartTextOnAddToCartPage" time="0.000" classname="com.qa.automation.mystoreapplication.testscript.TC_003_ProductDetails_AddToCart"/>
</testsuite> <!-- com.qa.automation.mystoreapplication.testscript.TC_003_ProductDetails_AddToCart -->
