<?xml version="1.0" encoding="UTF-8"?>
<!-- Generated by org.testng.reporters.JUnitReportReporter -->
<testsuite hostname="ATMECSINLT-269" name="com.qa.automation.mystoreapplication.testscript.NewCustomerRegistration" tests="2" failures="0" timestamp="6 Apr 2020 15:14:14 GMT" time="25.977" errors="0">
  <testcase name="RegisterMember" time="13.196" classname="com.qa.automation.mystoreapplication.testscript.NewCustomerRegistration"/>
  <testcase name="RegisterMember" time="12.781" classname="com.qa.automation.mystoreapplication.testscript.NewCustomerRegistration"/>
</testsuite> <!-- com.qa.automation.mystoreapplication.testscript.NewCustomerRegistration -->
