<?xml version="1.0" encoding="UTF-8"?>
<!-- Generated by org.testng.reporters.JUnitReportReporter -->
<testsuite hostname="ATMECSINLT-269" name="com.qa.automation.mystoreapplication.testscript.TC_000111_PlacingOrderFromMyStoreApp" tests="1" failures="0" timestamp="24 Apr 2020 06:37:31 GMT" time="27.751" errors="0">
  <testcase name="verifyOrderDetails" time="27.751" classname="com.qa.automation.mystoreapplication.testscript.TC_000111_PlacingOrderFromMyStoreApp"/>
</testsuite> <!-- com.qa.automation.mystoreapplication.testscript.TC_000111_PlacingOrderFromMyStoreApp -->
