<?xml version="1.0" encoding="UTF-8"?>
<!-- Generated by org.testng.reporters.JUnitReportReporter -->
<testsuite hostname="ATMECSINLT-269" name="com.qa.automation.mystoreapplication.testscript.MyStoreOrder" tests="10" failures="0" timestamp="11 Apr 2020 12:30:18 GMT" time="168494.500" errors="0">
  <testcase name="confirmOrder" time="49913.449" classname="com.qa.automation.mystoreapplication.testscript.MyStoreOrder"/>
  <testcase name="performCheckout" time="7.457" classname="com.qa.automation.mystoreapplication.testscript.MyStoreOrder"/>
  <testcase name="signIntoMyStore" time="30.056" classname="com.qa.automation.mystoreapplication.testscript.MyStoreOrder"/>
  <testcase name="verifyOrderDetails" time="5104.999" classname="com.qa.automation.mystoreapplication.testscript.MyStoreOrder"/>
  <testcase name="verifyOrderDetails" time="4038.473" classname="com.qa.automation.mystoreapplication.testscript.MyStoreOrder"/>
  <testcase name="addToCart" time="94526.789" classname="com.qa.automation.mystoreapplication.testscript.MyStoreOrder"/>
  <testcase name="addToCart" time="17.595" classname="com.qa.automation.mystoreapplication.testscript.MyStoreOrder"/>
  <testcase name="performCheckout" time="14820.201" classname="com.qa.automation.mystoreapplication.testscript.MyStoreOrder"/>
  <testcase name="signIntoMyStore" time="21.783" classname="com.qa.automation.mystoreapplication.testscript.MyStoreOrder"/>
  <testcase name="confirmOrder" time="13.697" classname="com.qa.automation.mystoreapplication.testscript.MyStoreOrder"/>
</testsuite> <!-- com.qa.automation.mystoreapplication.testscript.MyStoreOrder -->
