<?xml version="1.0" encoding="UTF-8"?>
<!-- Generated by org.testng.reporters.JUnitReportReporter -->
<testsuite hostname="ATMECSINLT-269" name="com.qa.automation.mystoreapplication.testscript.TC_001_PlacingOrderFromMyStoreApplication" tests="1" failures="0" timestamp="20 Apr 2020 08:13:09 GMT" time="17.065" errors="0">
  <testcase name="verifyOrderDetails" time="17.065" classname="com.qa.automation.mystoreapplication.testscript.TC_001_PlacingOrderFromMyStoreApplication"/>
</testsuite> <!-- com.qa.automation.mystoreapplication.testscript.TC_001_PlacingOrderFromMyStoreApplication -->
