<?xml version="1.0" encoding="UTF-8"?>
<!-- Generated by org.testng.reporters.JUnitReportReporter -->
<testsuite hostname="ATMECSINLT-269" name="com.qa.automation.mystoreapplication.testscript.TC_004_ProductDetailsOnShoppingCartSummary" tests="1" failures="0" timestamp="22 Apr 2020 09:22:29 GMT" time="35.760" errors="0">
  <testcase name="verifyProductDetailsOnShoppingCartSummary" time="35.760" classname="com.qa.automation.mystoreapplication.testscript.TC_004_ProductDetailsOnShoppingCartSummary"/>
</testsuite> <!-- com.qa.automation.mystoreapplication.testscript.TC_004_ProductDetailsOnShoppingCartSummary -->
