<?xml version="1.0" encoding="UTF-8"?>
<!-- Generated by org.testng.reporters.JUnitReportReporter -->
<testsuite hostname="ATMECSINLT-269" name="com.qa.automation.mystoreapplication.testscript.ScrollingUsingFalcon" tests="1" failures="0" timestamp="6 Apr 2020 12:31:33 GMT" time="15.678" errors="0">
  <testcase name="scrollingActions" time="15.678" classname="com.qa.automation.mystoreapplication.testscript.ScrollingUsingFalcon"/>
</testsuite> <!-- com.qa.automation.mystoreapplication.testscript.ScrollingUsingFalcon -->
