<?xml version="1.0" encoding="UTF-8"?>
<!-- Generated by org.testng.reporters.JUnitReportReporter -->
<testsuite hostname="ATMECSINLT-269" name="com.qa.automation.FalconUI.testscript.GoogleElementsTesting" tests="1" failures="0" timestamp="27 Mar 2020 06:19:25 GMT" time="10.703" errors="0">
  <testcase name="sampleTest3" time="10.703" classname="com.qa.automation.FalconUI.testscript.GoogleElementsTesting"/>
</testsuite> <!-- com.qa.automation.FalconUI.testscript.GoogleElementsTesting -->
