<?xml version="1.0" encoding="UTF-8"?>
<!-- Generated by org.testng.reporters.JUnitReportReporter -->
<testsuite hostname="ATMECSINLT-269" name="com.qa.automation.mystoreapplication.testscript.TC_001_SignIntoApplication" tests="1" failures="0" timestamp="19 Apr 2020 19:59:03 GMT" time="15.522" errors="0">
  <testcase name="performSignIntoMystore" time="15.522" classname="com.qa.automation.mystoreapplication.testscript.TC_001_SignIntoApplication"/>
</testsuite> <!-- com.qa.automation.mystoreapplication.testscript.TC_001_SignIntoApplication -->
