<?xml version="1.0" encoding="UTF-8"?>
<!-- Generated by org.testng.reporters.JUnitReportReporter -->
<testsuite hostname="ATMECSINLT-269" name="com.qa.automation.mystoreapplication.testscript.SignIntoApplication" tests="1" failures="0" timestamp="13 Apr 2020 15:37:16 GMT" time="11.267" errors="0">
  <testcase name="performSignIn" time="11.267" classname="com.qa.automation.mystoreapplication.testscript.SignIntoApplication"/>
</testsuite> <!-- com.qa.automation.mystoreapplication.testscript.SignIntoApplication -->
