<?xml version="1.0" encoding="UTF-8"?>
<!-- Generated by org.testng.reporters.JUnitReportReporter -->
<testsuite hostname="ATMECSINLT-269" name="com.qa.automation.mystoreapplication.testscript.TC_005_CheckAddressDetails" tests="1" failures="0" timestamp="19 Apr 2020 08:01:48 GMT" time="52.723" errors="0">
  <testcase name="verifyAddressDetailsOnAddresssPage" time="52.723" classname="com.qa.automation.mystoreapplication.testscript.TC_005_CheckAddressDetails"/>
</testsuite> <!-- com.qa.automation.mystoreapplication.testscript.TC_005_CheckAddressDetails -->
