<?xml version="1.0" encoding="UTF-8"?>
<!-- Generated by org.testng.reporters.JUnitReportReporter -->
<testsuite hostname="ATMECSINLT-269" name="com.qa.automation.mystoreapplication.testscript.TC_0002_PlacingOrderFromMyStoreApp" tests="3" failures="0" timestamp="23 Apr 2020 13:27:23 GMT" time="134.490" errors="0">
  <testcase name="verifyAddressDetailsOnAddresssPage" time="47.374" classname="com.qa.automation.mystoreapplication.testscript.TC_0002_PlacingOrderFromMyStoreApp"/>
  <testcase name="verifyProductDetailsAndCartTextOnAddToCartPage" time="56.646" classname="com.qa.automation.mystoreapplication.testscript.TC_0002_PlacingOrderFromMyStoreApp"/>
  <testcase name="verifyOrderDetails" time="30.470" classname="com.qa.automation.mystoreapplication.testscript.TC_0002_PlacingOrderFromMyStoreApp"/>
</testsuite> <!-- com.qa.automation.mystoreapplication.testscript.TC_0002_PlacingOrderFromMyStoreApp -->
