<?xml version="1.0" encoding="UTF-8"?>
<!-- Generated by org.testng.reporters.JUnitReportReporter -->
<testsuite hostname="ATMECSINLT-269" name="com.qa.automation.mystoreapplication.testscript.TC_006_ProductDetailsOnPaymentPage" tests="1" failures="0" timestamp="22 Apr 2020 13:15:35 GMT" time="77.156" errors="0">
  <testcase name="verifyProductDetailsOnPaymentPage" time="77.156" classname="com.qa.automation.mystoreapplication.testscript.TC_006_ProductDetailsOnPaymentPage"/>
</testsuite> <!-- com.qa.automation.mystoreapplication.testscript.TC_006_ProductDetailsOnPaymentPage -->
