<?xml version="1.0" encoding="UTF-8"?>
<!-- Generated by org.testng.reporters.JUnitReportReporter -->
<testsuite hostname="ATMECSINLT-269" name="com.qa.automation.mystoreapplication.testscript.FalconWaits" tests="1" failures="0" timestamp="6 Apr 2020 13:36:39 GMT" time="13.227" errors="0">
  <testcase name="performWaits" time="13.227" classname="com.qa.automation.mystoreapplication.testscript.FalconWaits"/>
</testsuite> <!-- com.qa.automation.mystoreapplication.testscript.FalconWaits -->
