<?xml version="1.0" encoding="UTF-8"?>
<!-- Generated by org.testng.reporters.JUnitReportReporter -->
<testsuite hostname="ATMECSINLT-269" name="com.qa.automation.mystoreapplication.testscript.TC_0001_PlacingOrderFromMyStoreApp" tests="7" failures="0" timestamp="24 Apr 2020 07:57:52 GMT" time="408.759" errors="0">
  <testcase name="verifyOrderDetails" time="25.193" classname="com.qa.automation.mystoreapplication.testscript.TC_0001_PlacingOrderFromMyStoreApp"/>
  <testcase name="verifyProductDetailsOnPaymentPage" time="62.107" classname="com.qa.automation.mystoreapplication.testscript.TC_0001_PlacingOrderFromMyStoreApp"/>
  <testcase name="verifyProductDetailsAndCartTextOnProductDetailsPage" time="86.675" classname="com.qa.automation.mystoreapplication.testscript.TC_0001_PlacingOrderFromMyStoreApp"/>
  <testcase name="verifyCheckout" time="88.965" classname="com.qa.automation.mystoreapplication.testscript.TC_0001_PlacingOrderFromMyStoreApp"/>
  <testcase name="verifyProductDetailsOnShoppingCartSummary" time="32.258" classname="com.qa.automation.mystoreapplication.testscript.TC_0001_PlacingOrderFromMyStoreApp"/>
  <testcase name="verifyAddressDetailsOnAddresssPage" time="57.068" classname="com.qa.automation.mystoreapplication.testscript.TC_0001_PlacingOrderFromMyStoreApp"/>
  <testcase name="performSignINAndVerifyProductCategoriesOnHomePage" time="56.493" classname="com.qa.automation.mystoreapplication.testscript.TC_0001_PlacingOrderFromMyStoreApp"/>
</testsuite> <!-- com.qa.automation.mystoreapplication.testscript.TC_0001_PlacingOrderFromMyStoreApp -->
